Build started 6/18/2017 1:06:14 PM.
     1>Project "D:\GameHack\Base & Tools\Base\VS2010\BS\LIBOGG\LIBOGG\LIBOGG.vcxproj" on node 2 (build target(s)).
     1>InitializeBuildStatus:
         Creating "Release\LIBOGG.unsuccessfulbuild" because "AlwaysCreate" was specified.
       ClCompile:
         C:\Program Files (x86)\Microsoft Visual Studio 10.0\VC\bin\CL.exe /c /Zi /nologo /W3 /WX- /O2 /Oi /Oy- /GL /D WIN32 /D NDEBUG /D _WINDOWS /D _USRDLL /D LIBOGG_EXPORTS /D _WINDLL /D _MBCS /Gm- /EHsc /MD /GS /Gy /fp:precise /Zc:wchar_t /Zc:forScope /Fo"Release\\" /Fd"Release\vc100.pdb" /Gd /TP /analyze- /errorReport:prompt main.cpp
         main.cpp
       Link:
         C:\Program Files (x86)\Microsoft Visual Studio 10.0\VC\bin\link.exe /ERRORREPORT:PROMPT /OUT:"D:\GameHack\Base & Tools\Base\VS2010\BS\LIBOGG\Release\LIBOGG_.dll" /INCREMENTAL:NO /NOLOGO kernel32.lib user32.lib gdi32.lib winspool.lib comdlg32.lib advapi32.lib shell32.lib ole32.lib oleaut32.lib uuid.lib odbc32.lib odbccp32.lib /MANIFEST /ManifestFile:"Release\LIBOGG_.dll.intermediate.manifest" /MANIFESTUAC:"level='asInvoker' uiAccess='false'" /DEBUG /PDB:"D:\GameHack\Base & Tools\Base\VS2010\BS\LIBOGG\Release\LIBOGG_.pdb" /MAP /SUBSYSTEM:WINDOWS /OPT:REF /OPT:ICF /LTCG /TLBID:1 /DYNAMICBASE /NXCOMPAT /IMPLIB:"D:\GameHack\Base & Tools\Base\VS2010\BS\LIBOGG\Release\LIBOGG_.lib" /MACHINE:X86 /DLL Release\main.obj
         Generating code
         Finished generating code
         LIBOGG.vcxproj -> D:\GameHack\Base & Tools\Base\VS2010\BS\LIBOGG\Release\LIBOGG_.dll
       Manifest:
         C:\Program Files (x86)\Microsoft SDKs\Windows\v7.0A\bin\mt.exe /nologo /verbose /outputresource:"D:\GameHack\Base & Tools\Base\VS2010\BS\LIBOGG\Release\LIBOGG_.dll;#2" /manifest Release\LIBOGG_.dll.intermediate.manifest
       FinalizeBuildStatus:
         Deleting file "Release\LIBOGG.unsuccessfulbuild".
         Touching "Release\LIBOGG.lastbuildstate".
     1>Done Building Project "D:\GameHack\Base & Tools\Base\VS2010\BS\LIBOGG\LIBOGG\LIBOGG.vcxproj" (build target(s)).

Build succeeded.

Time Elapsed 00:00:10.32
